app/build/intermediates/manifest_merge_blame_file/debug/manifest-merger-blame-debug-report.txt
1<?xml version="1.0" encoding="utf-8"?>
2<manifest xmlns:android="http://schemas.android.com/apk/res/android"
3    package="com.seth.themilkywayandroidtask"
4    android:versionCode="1"
5    android:versionName="1.0" >
6
7    <uses-sdk
8        android:minSdkVersion="21"
8-->src\main\AndroidManifest.xml
9        android:targetSdkVersion="33" />
9-->src\main\AndroidManifest.xml
10
11    <uses-permission android:name="android.permission.INTERNET" />
11-->src\main\AndroidManifest.xml:6:5-67
11-->src\main\AndroidManifest.xml:6:22-64
12    <uses-permission android:name="android.permission.ACCESS_NETWORK_STATE" />
12-->src\main\AndroidManifest.xml:7:5-79
12-->src\main\AndroidManifest.xml:7:22-76
13    <uses-permission android:name="android.permission.REORDER_TASKS" />
13-->[androidx.fragment:fragment-testing:1.3.2] AndroidManifest.xml:25:5-72
13-->[androidx.fragment:fragment-testing:1.3.2] AndroidManifest.xml:25:22-69
14
15    <application
15-->src\main\AndroidManifest.xml:9:5-27:19
16        android:name="com.seth.themilkywayandroidtask.MilkyWayApp"
16-->src\main\AndroidManifest.xml:10:9-67
17        android:allowBackup="true"
17-->src\main\AndroidManifest.xml:11:9-35
18        android:appComponentFactory="androidx.core.app.CoreComponentFactory"
18-->[androidx.core:core:1.3.2] AndroidManifest.xml:24:18-86
19        android:debuggable="true"
20        android:icon="@mipmap/ic_launcher"
20-->src\main\AndroidManifest.xml:12:9-43
21        android:label="@string/app_name"
21-->src\main\AndroidManifest.xml:13:9-41
22        android:roundIcon="@mipmap/ic_launcher_round"
22-->src\main\AndroidManifest.xml:14:9-54
23        android:supportsRtl="true"
23-->src\main\AndroidManifest.xml:15:9-35
24        android:testOnly="true"
25        android:theme="@style/AppTheme" >
25-->src\main\AndroidManifest.xml:16:9-40
26        <activity
26-->src\main\AndroidManifest.xml:18:9-26:20
27            android:name="com.seth.themilkywayandroidtask.MainActivity"
27-->src\main\AndroidManifest.xml:19:13-72
28            android:exported="true" >
28-->src\main\AndroidManifest.xml:20:13-36
29            <intent-filter>
29-->src\main\AndroidManifest.xml:21:13-25:29
30                <action android:name="android.intent.action.MAIN" />
30-->src\main\AndroidManifest.xml:22:17-69
30-->src\main\AndroidManifest.xml:22:25-66
31
32                <category android:name="android.intent.category.LAUNCHER" />
32-->src\main\AndroidManifest.xml:24:17-77
32-->src\main\AndroidManifest.xml:24:27-74
33            </intent-filter>
34        </activity>
35        <activity
35-->[androidx.fragment:fragment-testing:1.3.2] AndroidManifest.xml:28:9-37:20
36            android:name="androidx.fragment.app.testing.FragmentScenario$EmptyFragmentActivity"
36-->[androidx.fragment:fragment-testing:1.3.2] AndroidManifest.xml:29:13-96
37            android:exported="true"
37-->[androidx.fragment:fragment-testing:1.3.2] AndroidManifest.xml:30:13-36
38            android:multiprocess="true"
38-->[androidx.fragment:fragment-testing:1.3.2] AndroidManifest.xml:31:13-40
39            android:taskAffinity=""
39-->[androidx.fragment:fragment-testing:1.3.2] AndroidManifest.xml:32:13-36
40            android:theme="@style/FragmentScenarioEmptyFragmentActivityTheme" >
40-->[androidx.fragment:fragment-testing:1.3.2] AndroidManifest.xml:33:13-78
41            <intent-filter>
41-->[androidx.fragment:fragment-testing:1.3.2] AndroidManifest.xml:34:13-36:29
42                <action android:name="android.intent.action.MAIN" />
42-->src\main\AndroidManifest.xml:22:17-69
42-->src\main\AndroidManifest.xml:22:25-66
43            </intent-filter>
44        </activity>
45
46        <provider
46-->[androidx.lifecycle:lifecycle-process:2.2.0] AndroidManifest.xml:25:9-29:43
47            android:name="androidx.lifecycle.ProcessLifecycleOwnerInitializer"
47-->[androidx.lifecycle:lifecycle-process:2.2.0] AndroidManifest.xml:26:13-79
48            android:authorities="com.seth.themilkywayandroidtask.lifecycle-process"
48-->[androidx.lifecycle:lifecycle-process:2.2.0] AndroidManifest.xml:27:13-69
49            android:exported="false"
49-->[androidx.lifecycle:lifecycle-process:2.2.0] AndroidManifest.xml:28:13-37
50            android:multiprocess="true" />
50-->[androidx.lifecycle:lifecycle-process:2.2.0] AndroidManifest.xml:29:13-40
51
52        <activity
52-->[androidx.test:core:1.3.0] AndroidManifest.xml:27:9-33:20
53            android:name="androidx.test.core.app.InstrumentationActivityInvoker$BootstrapActivity"
53-->[androidx.test:core:1.3.0] AndroidManifest.xml:28:13-99
54            android:theme="@android:style/Theme" >
54-->[androidx.test:core:1.3.0] AndroidManifest.xml:29:13-49
55            <intent-filter>
55-->[androidx.fragment:fragment-testing:1.3.2] AndroidManifest.xml:34:13-36:29
56                <action android:name="android.intent.action.MAIN" />
56-->src\main\AndroidManifest.xml:22:17-69
56-->src\main\AndroidManifest.xml:22:25-66
57            </intent-filter>
58        </activity>
59        <activity
59-->[androidx.test:core:1.3.0] AndroidManifest.xml:34:9-40:20
60            android:name="androidx.test.core.app.InstrumentationActivityInvoker$EmptyActivity"
60-->[androidx.test:core:1.3.0] AndroidManifest.xml:35:13-95
61            android:theme="@android:style/Theme" >
61-->[androidx.test:core:1.3.0] AndroidManifest.xml:36:13-49
62            <intent-filter>
62-->[androidx.fragment:fragment-testing:1.3.2] AndroidManifest.xml:34:13-36:29
63                <action android:name="android.intent.action.MAIN" />
63-->src\main\AndroidManifest.xml:22:17-69
63-->src\main\AndroidManifest.xml:22:25-66
64            </intent-filter>
65        </activity>
66        <activity
66-->[androidx.test:core:1.3.0] AndroidManifest.xml:41:9-47:20
67            android:name="androidx.test.core.app.InstrumentationActivityInvoker$EmptyFloatingActivity"
67-->[androidx.test:core:1.3.0] AndroidManifest.xml:42:13-103
68            android:theme="@android:style/Theme.Dialog" >
68-->[androidx.test:core:1.3.0] AndroidManifest.xml:43:13-56
69            <intent-filter>
69-->[androidx.fragment:fragment-testing:1.3.2] AndroidManifest.xml:34:13-36:29
70                <action android:name="android.intent.action.MAIN" />
70-->src\main\AndroidManifest.xml:22:17-69
70-->src\main\AndroidManifest.xml:22:25-66
71            </intent-filter>
72        </activity>
73    </application>
74
75</manifest>